<?xml version="1.0" encoding="UTF-8"?>
<!-- Generated by org.testng.reporters.JUnitReportReporter -->
<testsuite skipped="0" hostname="QAP30-PC" name="interviewtest.Testng_Version" tests="4" failures="0" timestamp="20 Feb 2019 10:12:20 GMT" time="98.944" errors="0">
  <testcase name="login" time="6.572" classname="interviewtest.Testng_Version"/>
  <testcase name="systemSettings" time="2.170" classname="interviewtest.Testng_Version"/>
  <testcase name="addRole" time="24.876" classname="interviewtest.Testng_Version"/>
  <testcase name="addUser" time="65.326" classname="interviewtest.Testng_Version"/>
</testsuite> <!-- interviewtest.Testng_Version -->
