<?xml version="1.0" encoding="UTF-8"?>
<!-- Generated by org.testng.reporters.JUnitReportReporter -->
<testsuite skipped="0" hostname="QAP30-PC" name="interviewtest.Testng_Version" tests="4" failures="0" timestamp="20 Feb 2019 05:04:07 GMT" time="97.632" errors="0">
  <testcase name="login" time="5.794" classname="interviewtest.Testng_Version"/>
  <testcase name="systemSettings" time="2.198" classname="interviewtest.Testng_Version"/>
  <testcase name="addRole" time="24.575" classname="interviewtest.Testng_Version"/>
  <testcase name="addUser" time="65.065" classname="interviewtest.Testng_Version"/>
</testsuite> <!-- interviewtest.Testng_Version -->
