<?xml version="1.0" encoding="UTF-8"?>
<!-- Generated by org.testng.reporters.JUnitReportReporter -->
<testsuite skipped="0" hostname="QAP30-PC" name="interviewtest.Testng_Version1" tests="4" failures="0" timestamp="21 Feb 2019 05:48:58 GMT" time="97.361" errors="0">
  <testcase name="login" time="5.908" classname="interviewtest.Testng_Version1"/>
  <testcase name="systemSettings" time="2.136" classname="interviewtest.Testng_Version1"/>
  <testcase name="addRole" time="24.684" classname="interviewtest.Testng_Version1"/>
  <testcase name="addUser" time="64.633" classname="interviewtest.Testng_Version1"/>
</testsuite> <!-- interviewtest.Testng_Version1 -->
